<?xml version="1.0" encoding="UTF-8"?>
<testsuite name="moviebuddy.domain.JaxbMovieReaderTest" tests="1" skipped="0" failures="0" errors="0" timestamp="2021-11-10T03:37:12" hostname="MUHN2-031.local" time="0.312">
  <properties/>
  <testcase name="NotEmpty_LoadedMovies()" classname="moviebuddy.domain.JaxbMovieReaderTest" time="0.312"/>
  <system-out><![CDATA[]]></system-out>
  <system-err><![CDATA[]]></system-err>
</testsuite>
